<?xml version="1.0" encoding="UTF-8"?>
<!-- Generated by org.testng.reporters.JUnitReportReporter -->
<testsuite hostname="EPPLKRAW0043" name="CenoTest.Jercey.TimeZoneTest" tests="2" failures="0" timestamp="26 Jan 2016 10:54:51 GMT" time="0.864" errors="0">
  <testcase name="FaildLocation" time="0.755" classname="CenoTest.Jercey.TimeZoneTest"/>
  <testcase name="London" time="0.109" classname="CenoTest.Jercey.TimeZoneTest"/>
</testsuite> <!-- CenoTest.Jercey.TimeZoneTest -->
